[01m[K/home/nqt/catkin_ws/src/rj_training/src/talker.cpp:[m[K In function â€˜[01m[Kint main(int, char**)[m[Kâ€™:
[01m[K/home/nqt/catkin_ws/src/rj_training/src/talker.cpp:14:8:[m[K [01;31m[Kerror: [m[Kâ€˜[01m[Kok[m[Kâ€™ was not declared in this scope; did you mean â€˜[01m[Kros::ok[m[Kâ€™?
   14 |  while([01;31m[Kok[m[K())
      |        [01;31m[K^~[m[K
      |        [32m[Kros::ok[m[K
In file included from [01m[K/opt/ros/noetic/include/ros/node_handle.h:47[m[K,
                 from [01m[K/opt/ros/noetic/include/ros/ros.h:45[m[K,
                 from [01m[K/home/nqt/catkin_ws/src/rj_training/src/talker.cpp:1[m[K:
[01m[K/opt/ros/noetic/include/ros/init.h:160:18:[m[K [01;36m[Knote: [m[Kâ€˜[01m[Kros::ok[m[Kâ€™ declared here
  160 | ROSCPP_DECL bool [01;36m[Kok[m[K();
      |                  [01;36m[K^~[m[K
make[2]: *** [CMakeFiles/talker_node.dir/build.make:63: CMakeFiles/talker_node.dir/src/talker.cpp.o] Error 1
make[1]: *** [CMakeFiles/Makefile2:425: CMakeFiles/talker_node.dir/all] Error 2
make: *** [Makefile:141: all] Error 2
